<?xml version="1.0" encoding="UTF-8"?>
<!-- Generated by org.testng.reporters.JUnitReportReporter -->
<testsuite skipped="0" hostname="ARAVINDKSV" name="com.Comcast.ContactsTest.ContactTest" tests="3" failures="0" timestamp="22 Sep 2021 08:58:13 GMT" time="0.032" errors="0">
  <testcase name="createContactWithOgTest" time="0.000" classname="com.Comcast.ContactsTest.ContactTest"/>
  <testcase name="deleteContactTest" time="0.008" classname="com.Comcast.ContactsTest.ContactTest"/>
  <testcase name="createContactTest" time="0.024" classname="com.Comcast.ContactsTest.ContactTest"/>
</testsuite> <!-- com.Comcast.ContactsTest.ContactTest -->
