<?xml version="1.0" encoding="UTF-8"?>
<!-- Generated by org.testng.reporters.JUnitReportReporter -->
<testsuite skipped="0" hostname="ARAVINDKSV" name="com.Comcast.OrgTest.OrgTest" tests="1" failures="0" timestamp="26 Sep 2021 16:12:13 GMT" time="0.000" errors="0">
  <testcase name="createOrgTest" time="0.000" classname="com.Comcast.OrgTest.OrgTest"/>
</testsuite> <!-- com.Comcast.OrgTest.OrgTest -->
