<?xml version="1.0" encoding="UTF-8"?>
<!-- Generated by org.testng.reporters.JUnitReportReporter -->
<testsuite skipped="0" hostname="ARAVINDKSV" name="com.Comcast.OrgTest.OrgTest" tests="2" failures="0" timestamp="22 Sep 2021 18:55:16 GMT" time="0.001" errors="0">
  <testcase name="createOrgWithInduTest" time="0.000" classname="com.Comcast.OrgTest.OrgTest"/>
  <testcase name="deleteOrgTest" time="0.001" classname="com.Comcast.OrgTest.OrgTest"/>
</testsuite> <!-- com.Comcast.OrgTest.OrgTest -->
