<?xml version="1.0" encoding="UTF-8"?>
<!-- Generated by org.testng.reporters.JUnitReportReporter -->
<testsuite skipped="0" hostname="ARAVINDKSV" name="com.Comcast.ContactsTest.ContactTest" tests="2" failures="0" timestamp="22 Sep 2021 18:55:16 GMT" time="0.009" errors="0">
  <testcase name="deleteContactTest" time="0.001" classname="com.Comcast.ContactsTest.ContactTest"/>
  <testcase name="createContactWithOgTest" time="0.008" classname="com.Comcast.ContactsTest.ContactTest"/>
</testsuite> <!-- com.Comcast.ContactsTest.ContactTest -->
